0 verbose cli [
0 verbose cli   'C:\\Program Files\\nodejs\\node.exe',
0 verbose cli   'C:\\Users\\Win10\\AppData\\Roaming\\npm\\node_modules\\npm\\bin\\npm-cli.js',
0 verbose cli   'i',
0 verbose cli   '--save-dev',
0 verbose cli   '@types/expres'
0 verbose cli ]
1 info using npm@7.10.0
2 info using node@v14.15.3
3 timing npm:load:whichnode Completed in 7ms
4 timing config:load:defaults Completed in 8ms
5 timing config:load:file:C:\Users\Win10\AppData\Roaming\npm\node_modules\npm\npmrc Completed in 14ms
6 timing config:load:builtin Completed in 14ms
7 timing config:load:cli Completed in 10ms
8 timing config:load:env Completed in 2ms
9 timing config:load:file:C:\Users\Win10\AppData\Roaming\npm\NLW\projeto_NLW\.npmrc Completed in 1ms
10 timing config:load:project Completed in 4ms
11 timing config:load:file:C:\Users\Win10\.npmrc Completed in 1ms
12 timing config:load:user Completed in 1ms
13 timing config:load:file:C:\Users\Win10\AppData\Roaming\npm\etc\npmrc Completed in 2ms
14 timing config:load:global Completed in 3ms
15 timing config:load:validate Completed in 2ms
16 timing config:load:setEnvs Completed in 4ms
17 timing config:load Completed in 50ms
18 timing npm:load:configload Completed in 50ms
19 timing npm:load:setTitle Completed in 1ms
20 timing npm:load:setupLog Completed in 7ms
21 timing npm:load:cleanupLog Completed in 13ms
22 timing npm:load:configScope Completed in 1ms
23 timing npm:load:projectScope Completed in 2ms
24 timing npm:load Completed in 86ms
25 timing config:load:flatten Completed in 12ms
26 timing arborist:ctor Completed in 3ms
27 timing idealTree:init Completed in 377ms
28 timing idealTree:userRequests Completed in 7ms
29 silly idealTree buildDeps
30 silly fetch manifest @types/expres@*
31 timing arborist:ctor Completed in 0ms
32 http fetch GET 404 https://registry.npmjs.org/@types%2fexpres 2490ms
33 http fetch GET 404 https://registry.npmjs.org/@types%2fexpres 908ms
34 silly placeDep ROOT @types/expres@ OK for: projeto_NLW@1.0.0 want: *
35 timing idealTree:#root Completed in 3446ms
36 timing idealTree:node_modules/@types/expres Completed in 0ms
37 timing idealTree:buildDeps Completed in 3451ms
38 timing idealTree:fixDepFlags Completed in 4ms
39 timing idealTree Completed in 3844ms
40 timing command:install Completed in 3934ms
41 verbose stack Error: 404 Not Found - GET https://registry.npmjs.org/@types%2fexpres - Not found
41 verbose stack     at C:\Users\Win10\AppData\Roaming\npm\node_modules\npm\node_modules\npm-registry-fetch\check-response.js:123:15
41 verbose stack     at processTicksAndRejections (internal/process/task_queues.js:93:5)
41 verbose stack     at async Arborist.[nodeFromEdge] (C:\Users\Win10\AppData\Roaming\npm\node_modules\npm\node_modules\@npmcli\arborist\lib\arborist\build-ideal-tree.js:945:19)
41 verbose stack     at async Arborist.[buildDepStep] (C:\Users\Win10\AppData\Roaming\npm\node_modules\npm\node_modules\@npmcli\arborist\lib\arborist\build-ideal-tree.js:891:11)
41 verbose stack     at async Arborist.buildIdealTree (C:\Users\Win10\AppData\Roaming\npm\node_modules\npm\node_modules\@npmcli\arborist\lib\arborist\build-ideal-tree.js:217:7)
41 verbose stack     at async Promise.all (index 1)
41 verbose stack     at async Arborist.reify (C:\Users\Win10\AppData\Roaming\npm\node_modules\npm\node_modules\@npmcli\arborist\lib\arborist\reify.js:134:5)
41 verbose stack     at async Install.install (C:\Users\Win10\AppData\Roaming\npm\node_modules\npm\lib\install.js:137:5)
42 verbose statusCode 404
43 verbose pkgid @types/expres@*
44 verbose cwd C:\Users\Win10\AppData\Roaming\npm\NLW\projeto_NLW
45 verbose Windows_NT 10.0.19041
46 verbose argv "C:\\Program Files\\nodejs\\node.exe" "C:\\Users\\Win10\\AppData\\Roaming\\npm\\node_modules\\npm\\bin\\npm-cli.js" "i" "--save-dev" "@types/expres"
47 verbose node v14.15.3
48 verbose npm  v7.10.0
49 error code E404
50 error 404 Not Found - GET https://registry.npmjs.org/@types%2fexpres - Not found
51 error 404
52 error 404 '@types/expres@*' is not in the npm registry.
53 error 404 You should bug the author to publish it (or use the name yourself!)
54 error 404 Note that you can also install from a
55 error 404 tarball, folder, http url, or git url.
56 verbose exit 1
