0 verbose cli [
0 verbose cli   'C:\\Program Files\\nodejs\\node.exe',
0 verbose cli   'C:\\Users\\Win10\\AppData\\Roaming\\npm\\node_modules\\npm\\bin\\npm-cli.js',
0 verbose cli   'int',
0 verbose cli   '-y'
0 verbose cli ]
1 info using npm@7.10.0
2 info using node@v14.15.3
3 timing npm:load:whichnode Completed in 19ms
4 timing config:load:defaults Completed in 12ms
5 timing config:load:file:C:\Users\Win10\AppData\Roaming\npm\node_modules\npm\npmrc Completed in 6ms
6 timing config:load:builtin Completed in 7ms
7 timing config:load:cli Completed in 9ms
8 timing config:load:env Completed in 916ms
9 timing config:load:file:C:\Users\Win10\AppData\Roaming\npm\.npmrc Completed in 3ms
10 timing config:load:project Completed in 327ms
11 timing config:load:file:C:\Users\Win10\.npmrc Completed in 2ms
12 timing config:load:user Completed in 2ms
13 timing config:load:file:C:\Users\Win10\AppData\Roaming\npm\etc\npmrc Completed in 7ms
14 timing config:load:global Completed in 8ms
15 timing config:load:validate Completed in 4ms
16 timing config:load:setEnvs Completed in 9ms
17 timing config:load Completed in 1296ms
18 timing npm:load:configload Completed in 1297ms
19 timing npm:load:setTitle Completed in 1ms
20 timing npm:load:setupLog Completed in 12ms
21 timing npm:load:cleanupLog Completed in 18ms
22 timing npm:load:configScope Completed in 0ms
23 timing npm:load:projectScope Completed in 2ms
24 timing npm:load Completed in 1354ms
25 timing config:load:flatten Completed in 608ms
26 verbose stack Error: ENOENT: no such file or directory, open 'C:\Users\Win10\AppData\Roaming\npm\package.json'
27 verbose cwd C:\Users\Win10\AppData\Roaming\npm\NLW\projeto_NLW
28 verbose Windows_NT 10.0.19041
29 verbose argv "C:\\Program Files\\nodejs\\node.exe" "C:\\Users\\Win10\\AppData\\Roaming\\npm\\node_modules\\npm\\bin\\npm-cli.js" "int" "-y"
30 verbose node v14.15.3
31 verbose npm  v7.10.0
32 error code ENOENT
33 error syscall open
34 error path C:\Users\Win10\AppData\Roaming\npm/package.json
35 error errno -4058
36 error enoent ENOENT: no such file or directory, open 'C:\Users\Win10\AppData\Roaming\npm\package.json'
37 error enoent This is related to npm not being able to find a file.
38 verbose exit -4058
